TN:
SF:../jseditor.js
FN:2,(anonymous_0)
FN:17,(anonymous_1)
FN:55,addToCache
FN:81,loadNodeSubtreeByUUID
FN:90,getCachedNodeByUUID
FN:96,getNodeByUUID
FN:104,getNodeByQID
FN:108,getHotKeyMode
FN:118,(anonymous_8)
FN:126,(anonymous_9)
FN:130,(anonymous_10)
FN:135,(anonymous_11)
FN:138,(anonymous_12)
FN:139,(anonymous_13)
FN:147,(anonymous_14)
FN:157,(anonymous_15)
FN:162,(anonymous_16)
FN:163,(anonymous_17)
FN:212,getLinkForm
FN:227,switchRequirementType
FN:238,getParentNodeWithClass
FN:246,updateLinkDataToDisplay
FN:251,getDataOfLinkTo
FN:258,getNodeStatus
FN:268,wrongLinkUpdate
FN:283,fireRedLinkSelection
FN:349,fromViewToData
FN:390,markWrongLinks
FN:402,(anonymous_28)
FN:426,(anonymous_29)
FN:439,(anonymous_30)
FN:443,(anonymous_31)
FN:446,(anonymous_32)
FN:449,(anonymous_33)
FN:462,(anonymous_34)
FN:477,findText
FN:492,setSelectionText
FN:498,getSelectionText
FN:511,getAttributeName
FN:528,putEditorWithHtmlClean
FN:599,(anonymous_40)
FN:603,(anonymous_41)
FN:606,(anonymous_42)
FN:616,(anonymous_43)
FN:628,(anonymous_44)
FN:631,(anonymous_45)
FN:637,(anonymous_46)
FN:647,(anonymous_47)
FN:692,putEditor
FN:702,toggleChildren
FN:714,(anonymous_50)
FN:745,(anonymous_51)
FN:753,(anonymous_52)
FN:764,(anonymous_53)
FN:767,(anonymous_54)
FN:779,(anonymous_55)
FN:786,(anonymous_56)
FN:795,emulateTestProcedure
FN:811,(anonymous_58)
FN:816,(anonymous_59)
FN:829,(anonymous_60)
FN:834,(anonymous_61)
FN:846,(anonymous_62)
FN:858,(anonymous_63)
FN:871,(anonymous_64)
FN:877,(anonymous_65)
FN:890,(anonymous_66)
FN:896,(anonymous_67)
FN:902,(anonymous_68)
FN:913,(anonymous_69)
FN:924,(anonymous_70)
FN:939,(anonymous_71)
FN:947,getType
FN:980,pollFunc
FN:985,p
FN:994,replaceSingleDum
FN:1002,replaceDummies
FN:1010,(anonymous_77)
FN:1040,handleDeleted
FN:1066,updateChildren
FN:1083,(anonymous_80)
FN:1267,formLocationDesc
FN:1299,handleAttrUpdate
FN:1312,handleEvents
FN:1365,onEvents
FN:1375,formDeepPath
FN:1381,onChangeNode
FN:1445,onChangeFocus
FN:1462,(anonymous_88)
FN:1484,isReadOnly
FN:1496,isEditable
FN:1508,extractUUID
FN:1534,setFocus
FN:1578,(anonymous_93)
FN:1594,setFocusByIndex
FN:1615,setFocusByUUID
FN:1858,execNodeCommand
FN:1878,constructMenu
FN:1913,getDescription
FN:1935,getName
FN:1946,getNameOrId
FN:1959,constructDummyTree
FN:1990,(anonymous_102)
FN:1999,constructTree
FN:2034,(anonymous_104)
FN:2042,clearSelection
FN:2052,updateElList
FN:2061,updateTree
FN:2086,(anonymous_108)
FN:2096,(anonymous_109)
FN:2112,(anonymous_110)
FN:2118,(anonymous_111)
FN:2153,(anonymous_112)
FN:2170,(anonymous_113)
FN:2218,getNodeType
FN:2243,editPrevious
FN:2262,editNext
FN:2281,closeEditor
FN:2308,saveEditor
FN:2337,stacktrace
FN:2342,focusPrevious
FN:2355,focusNext
FN:2367,hasVisibleChildren
FN:2377,navigateLeft
FN:2395,navigateRight
FN:2412,expandNode
FN:2420,collapseNode
FN:2428,pageUp
FN:2448,pageDown
FN:2468,focusFirst
FN:2480,focusLast
FN:2492,editDescription
FN:2512,editNameId
FN:2530,countEditorInstances
FN:2538,saveNameId
FN:2587,changeStatus
FN:2632,deleteNodeConfirm
FN:2640,addChildRequirementConfirm
FN:2659,addSiblingRequirementConfirm
FN:2677,addChildTextNodeConfirm
FN:2688,addSiblingTextNodeConfirm
FN:2708,addComment
FN:2725,callAddTest
FN:2729,openTemplates
FN:2733,editNode
FN:2738,copyNodeToClipboard
FN:2745,cutNodeToClipboard
FN:2752,pasteNodeAsSibling
FN:2760,pasteSubtreeAsSibling
FN:2768,pasteNodeAsChild
FN:2775,pasteSubtreeAsChild
FN:2793,dragRequirement
FN:2816,(anonymous_152)
FN:2827,(anonymous_153)
FN:2857,(anonymous_154)
FN:2869,(anonymous_155)
FN:2870,(anonymous_156)
FN:2882,(anonymous_157)
FN:2911,(anonymous_158)
FN:3030,(anonymous_159)
FN:3046,(anonymous_160)
FN:3105,(anonymous_161)
FN:3193,(anonymous_162)
FN:3236,(anonymous_163)
FN:3255,(anonymous_164)
FN:3267,(anonymous_165)
FN:3276,(anonymous_166)
FN:3294,(anonymous_167)
FN:3305,(anonymous_168)
FN:3321,(anonymous_169)
FN:3358,(anonymous_170)
FN:3381,(anonymous_171)
FN:3394,(anonymous_172)
FN:3402,(anonymous_173)
FNF:174
FNH:19
FNDA:0,(anonymous_0)
FNDA:0,(anonymous_1)
FNDA:3,addToCache
FNDA:4,loadNodeSubtreeByUUID
FNDA:0,getCachedNodeByUUID
FNDA:7,getNodeByUUID
FNDA:0,getNodeByQID
FNDA:0,getHotKeyMode
FNDA:0,(anonymous_8)
FNDA:0,(anonymous_9)
FNDA:0,(anonymous_10)
FNDA:0,(anonymous_11)
FNDA:0,(anonymous_12)
FNDA:0,(anonymous_13)
FNDA:0,(anonymous_14)
FNDA:0,(anonymous_15)
FNDA:0,(anonymous_16)
FNDA:0,(anonymous_17)
FNDA:0,getLinkForm
FNDA:0,switchRequirementType
FNDA:0,getParentNodeWithClass
FNDA:0,updateLinkDataToDisplay
FNDA:0,getDataOfLinkTo
FNDA:0,getNodeStatus
FNDA:0,wrongLinkUpdate
FNDA:0,fireRedLinkSelection
FNDA:0,fromViewToData
FNDA:0,markWrongLinks
FNDA:0,(anonymous_28)
FNDA:0,(anonymous_29)
FNDA:0,(anonymous_30)
FNDA:0,(anonymous_31)
FNDA:0,(anonymous_32)
FNDA:0,(anonymous_33)
FNDA:0,(anonymous_34)
FNDA:0,findText
FNDA:0,setSelectionText
FNDA:0,getSelectionText
FNDA:0,getAttributeName
FNDA:0,putEditorWithHtmlClean
FNDA:0,(anonymous_40)
FNDA:0,(anonymous_41)
FNDA:0,(anonymous_42)
FNDA:0,(anonymous_43)
FNDA:0,(anonymous_44)
FNDA:0,(anonymous_45)
FNDA:0,(anonymous_46)
FNDA:0,(anonymous_47)
FNDA:0,putEditor
FNDA:11,toggleChildren
FNDA:0,(anonymous_50)
FNDA:0,(anonymous_51)
FNDA:4,(anonymous_52)
FNDA:0,(anonymous_53)
FNDA:0,(anonymous_54)
FNDA:0,(anonymous_55)
FNDA:0,(anonymous_56)
FNDA:2,emulateTestProcedure
FNDA:0,(anonymous_58)
FNDA:12,(anonymous_59)
FNDA:0,(anonymous_60)
FNDA:7,(anonymous_61)
FNDA:0,(anonymous_62)
FNDA:0,(anonymous_63)
FNDA:0,(anonymous_64)
FNDA:0,(anonymous_65)
FNDA:0,(anonymous_66)
FNDA:0,(anonymous_67)
FNDA:0,(anonymous_68)
FNDA:0,(anonymous_69)
FNDA:0,(anonymous_70)
FNDA:0,(anonymous_71)
FNDA:0,getType
FNDA:0,pollFunc
FNDA:0,p
FNDA:1,replaceSingleDum
FNDA:1,replaceDummies
FNDA:0,(anonymous_77)
FNDA:0,handleDeleted
FNDA:0,updateChildren
FNDA:0,(anonymous_80)
FNDA:0,formLocationDesc
FNDA:0,handleAttrUpdate
FNDA:0,handleEvents
FNDA:0,onEvents
FNDA:0,formDeepPath
FNDA:0,onChangeNode
FNDA:0,onChangeFocus
FNDA:0,(anonymous_88)
FNDA:0,isReadOnly
FNDA:0,isEditable
FNDA:11,extractUUID
FNDA:0,setFocus
FNDA:0,(anonymous_93)
FNDA:7,setFocusByIndex
FNDA:0,setFocusByUUID
FNDA:0,execNodeCommand
FNDA:0,constructMenu
FNDA:0,getDescription
FNDA:0,getName
FNDA:0,getNameOrId
FNDA:0,constructDummyTree
FNDA:0,(anonymous_102)
FNDA:0,constructTree
FNDA:0,(anonymous_104)
FNDA:7,clearSelection
FNDA:11,updateElList
FNDA:7,updateTree
FNDA:1,(anonymous_108)
FNDA:10,(anonymous_109)
FNDA:0,(anonymous_110)
FNDA:0,(anonymous_111)
FNDA:0,(anonymous_112)
FNDA:0,(anonymous_113)
FNDA:0,getNodeType
FNDA:0,editPrevious
FNDA:0,editNext
FNDA:0,closeEditor
FNDA:0,saveEditor
FNDA:0,stacktrace
FNDA:0,focusPrevious
FNDA:0,focusNext
FNDA:0,hasVisibleChildren
FNDA:0,navigateLeft
FNDA:0,navigateRight
FNDA:0,expandNode
FNDA:0,collapseNode
FNDA:0,pageUp
FNDA:0,pageDown
FNDA:0,focusFirst
FNDA:0,focusLast
FNDA:0,editDescription
FNDA:0,editNameId
FNDA:19,countEditorInstances
FNDA:0,saveNameId
FNDA:0,changeStatus
FNDA:0,deleteNodeConfirm
FNDA:0,addChildRequirementConfirm
FNDA:0,addSiblingRequirementConfirm
FNDA:0,addChildTextNodeConfirm
FNDA:0,addSiblingTextNodeConfirm
FNDA:0,addComment
FNDA:0,callAddTest
FNDA:0,openTemplates
FNDA:0,editNode
FNDA:0,copyNodeToClipboard
FNDA:0,cutNodeToClipboard
FNDA:0,pasteNodeAsSibling
FNDA:0,pasteSubtreeAsSibling
FNDA:0,pasteNodeAsChild
FNDA:0,pasteSubtreeAsChild
FNDA:0,dragRequirement
FNDA:0,(anonymous_152)
FNDA:0,(anonymous_153)
FNDA:1,(anonymous_154)
FNDA:0,(anonymous_155)
FNDA:0,(anonymous_156)
FNDA:0,(anonymous_157)
FNDA:0,(anonymous_158)
FNDA:0,(anonymous_159)
FNDA:0,(anonymous_160)
FNDA:0,(anonymous_161)
FNDA:0,(anonymous_162)
FNDA:0,(anonymous_163)
FNDA:0,(anonymous_164)
FNDA:0,(anonymous_165)
FNDA:0,(anonymous_166)
FNDA:0,(anonymous_167)
FNDA:0,(anonymous_168)
FNDA:0,(anonymous_169)
FNDA:0,(anonymous_170)
FNDA:0,(anonymous_171)
FNDA:0,(anonymous_172)
FNDA:0,(anonymous_173)
DA:1,1
DA:2,0
DA:6,1
DA:7,1
DA:8,1
DA:9,1
DA:10,1
DA:11,1
DA:12,1
DA:13,0
DA:14,1
DA:15,0
DA:16,1
DA:17,1
DA:18,0
DA:19,0
DA:20,0
DA:21,0
DA:22,0
DA:23,0
DA:24,0
DA:25,0
DA:26,0
DA:28,0
DA:29,0
DA:30,0
DA:31,0
DA:32,0
DA:33,0
DA:34,0
DA:35,0
DA:37,0
DA:39,0
DA:41,0
DA:43,0
DA:44,0
DA:45,0
DA:46,0
DA:47,0
DA:48,0
DA:49,0
DA:53,0
DA:56,3
DA:57,0
DA:58,0
DA:60,3
DA:61,3
DA:62,3
DA:63,3
DA:64,12
DA:65,3
DA:66,3
DA:67,0
DA:68,0
DA:69,0
DA:71,3
DA:72,3
DA:82,4
DA:83,3
DA:84,3
DA:85,2
DA:87,4
DA:89,1
DA:91,0
DA:92,0
DA:94,0
DA:97,7
DA:98,1
DA:99,1
DA:100,1
DA:102,7
DA:105,0
DA:106,0
DA:109,0
DA:110,0
DA:111,0
DA:112,0
DA:115,0
DA:117,1
DA:119,0
DA:120,0
DA:122,0
DA:124,0
DA:127,0
DA:128,0
DA:131,0
DA:132,0
DA:133,0
DA:136,0
DA:138,0
DA:140,0
DA:141,0
DA:143,0
DA:145,0
DA:148,0
DA:149,0
DA:150,0
DA:151,0
DA:153,0
DA:155,0
DA:158,0
DA:159,0
DA:160,0
DA:162,0
DA:163,0
DA:168,1
DA:181,1
DA:182,1
DA:183,1
DA:184,1
DA:188,1
DA:191,1
DA:193,1
DA:194,1
DA:197,1
DA:200,1
DA:213,0
DA:214,0
DA:216,0
DA:217,0
DA:218,0
DA:219,0
DA:220,0
DA:223,0
DA:224,0
DA:228,0
DA:229,0
DA:230,0
DA:231,0
DA:232,0
DA:234,0
DA:235,0
DA:236,0
DA:239,0
DA:240,0
DA:241,0
DA:242,0
DA:243,0
DA:247,0
DA:248,0
DA:252,0
DA:253,0
DA:254,0
DA:259,0
DA:260,0
DA:261,0
DA:264,0
DA:269,0
DA:270,0
DA:271,0
DA:272,0
DA:273,0
DA:274,0
DA:275,0
DA:284,0
DA:285,0
DA:286,0
DA:287,0
DA:288,0
DA:289,0
DA:290,0
DA:291,0
DA:293,0
DA:294,0
DA:295,0
DA:297,0
DA:298,0
DA:299,0
DA:301,0
DA:302,0
DA:303,0
DA:305,0
DA:306,0
DA:307,0
DA:309,0
DA:311,0
DA:313,0
DA:314,0
DA:315,0
DA:319,0
DA:320,0
DA:321,0
DA:326,0
DA:329,0
DA:330,0
DA:332,0
DA:334,0
DA:335,0
DA:336,0
DA:340,0
DA:341,0
DA:342,0
DA:346,0
DA:350,0
DA:352,0
DA:359,0
DA:360,0
DA:361,0
DA:362,0
DA:363,0
DA:364,0
DA:367,0
DA:370,0
DA:372,0
DA:378,0
DA:379,0
DA:381,0
DA:382,0
DA:383,0
DA:384,0
DA:385,0
DA:386,0
DA:391,0
DA:392,0
DA:393,0
DA:394,0
DA:395,0
DA:396,0
DA:397,0
DA:402,1
DA:403,0
DA:404,0
DA:405,0
DA:406,0
DA:407,0
DA:418,1
DA:423,1
DA:425,1
DA:427,0
DA:428,0
DA:429,0
DA:430,0
DA:431,0
DA:432,0
DA:433,0
DA:435,0
DA:436,0
DA:440,0
DA:441,0
DA:444,0
DA:447,0
DA:450,0
DA:451,0
DA:452,0
DA:453,0
DA:454,0
DA:455,0
DA:456,0
DA:458,0
DA:459,0
DA:463,0
DA:464,0
DA:465,0
DA:466,0
DA:467,0
DA:468,0
DA:469,0
DA:470,0
DA:483,0
DA:493,0
DA:494,0
DA:499,0
DA:500,0
DA:502,0
DA:503,0
DA:504,0
DA:506,0
DA:508,0
DA:512,0
DA:513,0
DA:514,0
DA:515,0
DA:516,0
DA:529,0
DA:530,0
DA:531,0
DA:532,0
DA:534,0
DA:536,0
DA:537,0
DA:538,0
DA:539,0
DA:542,0
DA:543,0
DA:546,0
DA:547,0
DA:550,0
DA:551,0
DA:552,0
DA:556,0
DA:559,0
DA:581,0
DA:596,0
DA:597,0
DA:598,0
DA:599,0
DA:600,0
DA:601,0
DA:603,0
DA:604,0
DA:606,0
DA:607,0
DA:608,0
DA:610,0
DA:611,0
DA:612,0
DA:613,0
DA:614,0
DA:616,0
DA:618,0
DA:619,0
DA:620,0
DA:621,0
DA:623,0
DA:625,0
DA:626,0
DA:628,0
DA:631,0
DA:632,0
DA:633,0
DA:637,0
DA:640,0
DA:641,0
DA:643,0
DA:646,0
DA:647,0
DA:648,0
DA:649,0
DA:650,0
DA:652,0
DA:653,0
DA:655,0
DA:656,0
DA:657,0
DA:658,0
DA:659,0
DA:660,0
DA:661,0
DA:662,0
DA:663,0
DA:664,0
DA:665,0
DA:666,0
DA:667,0
DA:668,0
DA:669,0
DA:670,0
DA:671,0
DA:672,0
DA:673,0
DA:677,0
DA:679,0
DA:681,0
DA:682,0
DA:693,0
DA:703,11
DA:704,0
DA:705,11
DA:706,11
DA:707,11
DA:708,0
DA:709,0
DA:710,0
DA:713,11
DA:714,11
DA:716,0
DA:717,0
DA:719,11
DA:720,11
DA:722,0
DA:724,11
DA:739,1
DA:742,1
DA:745,0
DA:746,0
DA:749,0
DA:753,1
DA:755,4
DA:758,4
DA:763,1
DA:765,0
DA:768,0
DA:773,1
DA:776,0
DA:779,0
DA:780,0
DA:782,0
DA:786,0
DA:787,0
DA:790,0
DA:797,2
DA:805,1
DA:808,1
DA:811,0
DA:812,0
DA:816,1
DA:817,12
DA:828,1
DA:829,1
DA:831,0
DA:833,1
DA:834,1
DA:836,7
DA:845,1
DA:846,1
DA:848,0
DA:857,1
DA:858,1
DA:860,0
DA:870,1
DA:871,1
DA:873,0
DA:876,1
DA:877,1
DA:879,0
DA:889,1
DA:890,1
DA:892,0
DA:895,1
DA:896,1
DA:898,0
DA:901,1
DA:902,1
DA:904,0
DA:912,1
DA:913,1
DA:915,0
DA:923,1
DA:924,1
DA:926,0
DA:938,1
DA:939,1
DA:941,0
DA:948,0
DA:949,0
DA:950,0
DA:952,0
DA:981,0
DA:982,0
DA:985,0
DA:986,0
DA:987,0
DA:988,0
DA:993,1
DA:995,1
DA:996,1
DA:997,0
DA:998,1
DA:999,0
DA:1000,1
DA:1003,1
DA:1004,1
DA:1005,0
DA:1006,0
DA:1007,0
DA:1009,0
DA:1010,0
DA:1011,0
DA:1015,0
DA:1016,0
DA:1017,0
DA:1018,0
DA:1027,1
DA:1028,1
DA:1030,1
DA:1031,1
DA:1032,1
DA:1033,0
DA:1035,1
DA:1041,0
DA:1042,0
DA:1043,0
DA:1044,0
DA:1045,0
DA:1046,0
DA:1047,0
DA:1048,0
DA:1049,0
DA:1050,0
DA:1051,0
DA:1052,0
DA:1053,0
DA:1054,0
DA:1055,0
DA:1057,0
DA:1058,0
DA:1060,0
DA:1067,0
DA:1068,0
DA:1070,0
DA:1071,0
DA:1072,0
DA:1073,0
DA:1074,0
DA:1075,0
DA:1079,0
DA:1080,0
DA:1081,0
DA:1083,0
DA:1084,0
DA:1085,0
DA:1086,0
DA:1088,0
DA:1089,0
DA:1090,0
DA:1091,0
DA:1092,0
DA:1093,0
DA:1094,0
DA:1095,0
DA:1096,0
DA:1097,0
DA:1101,0
DA:1102,0
DA:1103,0
DA:1104,0
DA:1105,0
DA:1106,0
DA:1107,0
DA:1109,0
DA:1111,0
DA:1113,0
DA:1114,0
DA:1115,0
DA:1116,0
DA:1117,0
DA:1122,0
DA:1123,0
DA:1125,0
DA:1126,0
DA:1127,0
DA:1128,0
DA:1129,0
DA:1130,0
DA:1131,0
DA:1132,0
DA:1134,0
DA:1135,0
DA:1136,0
DA:1137,0
DA:1138,0
DA:1139,0
DA:1143,0
DA:1144,0
DA:1145,0
DA:1146,0
DA:1150,0
DA:1151,0
DA:1152,0
DA:1155,0
DA:1156,0
DA:1157,0
DA:1158,0
DA:1160,0
DA:1161,0
DA:1162,0
DA:1163,0
DA:1164,0
DA:1167,0
DA:1168,0
DA:1169,0
DA:1170,0
DA:1171,0
DA:1172,0
DA:1173,0
DA:1174,0
DA:1175,0
DA:1176,0
DA:1177,0
DA:1178,0
DA:1179,0
DA:1180,0
DA:1181,0
DA:1182,0
DA:1183,0
DA:1184,0
DA:1185,0
DA:1186,0
DA:1188,0
DA:1189,0
DA:1190,0
DA:1191,0
DA:1192,0
DA:1194,0
DA:1196,0
DA:1197,0
DA:1198,0
DA:1200,0
DA:1201,0
DA:1202,0
DA:1203,0
DA:1211,0
DA:1212,0
DA:1213,0
DA:1216,0
DA:1217,0
DA:1218,0
DA:1219,0
DA:1220,0
DA:1223,0
DA:1225,0
DA:1226,0
DA:1227,0
DA:1228,0
DA:1233,0
DA:1234,0
DA:1235,0
DA:1236,0
DA:1237,0
DA:1238,0
DA:1239,0
DA:1240,0
DA:1245,0
DA:1246,0
DA:1247,0
DA:1248,0
DA:1249,0
DA:1250,0
DA:1251,0
DA:1263,0
DA:1264,0
DA:1268,0
DA:1269,0
DA:1270,0
DA:1271,0
DA:1272,0
DA:1273,0
DA:1276,0
DA:1277,0
DA:1279,0
DA:1280,0
DA:1281,0
DA:1282,0
DA:1283,0
DA:1284,0
DA:1285,0
DA:1286,0
DA:1287,0
DA:1288,0
DA:1289,0
DA:1290,0
DA:1293,0
DA:1297,0
DA:1300,0
DA:1301,0
DA:1302,0
DA:1303,0
DA:1304,0
DA:1305,0
DA:1308,0
DA:1309,0
DA:1310,0
DA:1313,0
DA:1314,0
DA:1315,0
DA:1316,0
DA:1317,0
DA:1320,0
DA:1321,0
DA:1322,0
DA:1323,0
DA:1324,0
DA:1325,0
DA:1326,0
DA:1327,0
DA:1328,0
DA:1329,0
DA:1330,0
DA:1332,0
DA:1333,0
DA:1334,0
DA:1335,0
DA:1337,0
DA:1338,0
DA:1339,0
DA:1340,0
DA:1343,0
DA:1344,0
DA:1345,0
DA:1346,0
DA:1347,0
DA:1348,0
DA:1349,0
DA:1350,0
DA:1351,0
DA:1352,0
DA:1353,0
DA:1354,0
DA:1355,0
DA:1356,0
DA:1357,0
DA:1361,0
DA:1367,0
DA:1368,0
DA:1369,0
DA:1371,0
DA:1376,0
DA:1377,0
DA:1378,0
DA:1379,0
DA:1382,0
DA:1383,0
DA:1384,0
DA:1385,0
DA:1386,0
DA:1387,0
DA:1388,0
DA:1389,0
DA:1390,0
DA:1391,0
DA:1392,0
DA:1393,0
DA:1395,0
DA:1399,0
DA:1400,0
DA:1401,0
DA:1402,0
DA:1403,0
DA:1404,0
DA:1405,0
DA:1406,0
DA:1407,0
DA:1408,0
DA:1409,0
DA:1412,0
DA:1413,0
DA:1416,0
DA:1417,0
DA:1418,0
DA:1419,0
DA:1420,0
DA:1422,0
DA:1424,0
DA:1426,0
DA:1427,0
DA:1428,0
DA:1431,0
DA:1432,0
DA:1434,0
DA:1435,0
DA:1449,0
DA:1450,0
DA:1452,0
DA:1453,0
DA:1454,0
DA:1456,0
DA:1458,0
DA:1459,0
DA:1460,0
DA:1462,0
DA:1463,0
DA:1464,0
DA:1465,0
DA:1469,0
DA:1470,0
DA:1473,0
DA:1480,1
DA:1481,1
DA:1485,0
DA:1486,0
DA:1487,0
DA:1489,0
DA:1497,0
DA:1498,0
DA:1499,0
DA:1510,11
DA:1511,11
DA:1512,11
DA:1513,11
DA:1514,55
DA:1515,55
DA:1517,11
DA:1518,11
DA:1519,44
DA:1520,33
DA:1521,33
DA:1522,11
DA:1524,11
DA:1525,0
DA:1538,0
DA:1539,0
DA:1540,0
DA:1541,0
DA:1542,0
DA:1544,0
DA:1547,0
DA:1548,0
DA:1549,0
DA:1550,0
DA:1551,0
DA:1554,0
DA:1555,0
DA:1556,0
DA:1557,0
DA:1558,0
DA:1559,0
DA:1560,0
DA:1561,0
DA:1562,0
DA:1563,0
DA:1564,0
DA:1565,0
DA:1576,0
DA:1577,0
DA:1578,0
DA:1579,0
DA:1580,0
DA:1584,0
DA:1595,7
DA:1596,7
DA:1597,6
DA:1598,7
DA:1599,7
DA:1600,7
DA:1601,0
DA:1602,7
DA:1603,0
DA:1604,0
DA:1606,7
DA:1616,0
DA:1617,0
DA:1618,0
DA:1619,0
DA:1620,0
DA:1635,1
DA:1859,0
DA:1860,0
DA:1861,0
DA:1862,0
DA:1863,0
DA:1864,0
DA:1867,0
DA:1868,0
DA:1869,0
DA:1879,0
DA:1880,0
DA:1881,0
DA:1882,0
DA:1883,0
DA:1884,0
DA:1885,0
DA:1886,0
DA:1887,0
DA:1888,0
DA:1889,0
DA:1890,0
DA:1891,0
DA:1892,0
DA:1893,0
DA:1894,0
DA:1895,0
DA:1896,0
DA:1898,0
DA:1900,0
DA:1903,0
DA:1907,1
DA:1908,1
DA:1914,0
DA:1915,0
DA:1916,0
DA:1919,0
DA:1920,0
DA:1923,0
DA:1924,0
DA:1925,0
DA:1927,0
DA:1928,0
DA:1929,0
DA:1931,0
DA:1932,0
DA:1933,0
DA:1936,0
DA:1937,0
DA:1938,0
DA:1939,0
DA:1940,0
DA:1941,0
DA:1942,0
DA:1944,0
DA:1947,0
DA:1948,0
DA:1949,0
DA:1950,0
DA:1958,1
DA:1960,0
DA:1961,0
DA:1962,0
DA:1963,0
DA:1965,0
DA:1966,0
DA:1967,0
DA:1968,0
DA:1970,0
DA:1971,0
DA:1972,0
DA:1973,0
DA:1975,0
DA:1976,0
DA:1978,0
DA:1979,0
DA:1982,0
DA:1984,0
DA:1985,0
DA:1986,0
DA:1987,0
DA:1988,0
DA:1990,1
DA:1991,0
DA:1992,0
DA:1994,0
DA:1995,0
DA:1997,0
DA:2001,0
DA:2002,0
DA:2003,0
DA:2004,0
DA:2006,0
DA:2008,0
DA:2010,0
DA:2011,0
DA:2012,0
DA:2015,0
DA:2016,0
DA:2018,0
DA:2019,0
DA:2020,0
DA:2021,0
DA:2022,0
DA:2023,0
DA:2025,0
DA:2026,0
DA:2027,0
DA:2028,0
DA:2031,0
DA:2034,0
DA:2035,0
DA:2036,0
DA:2038,0
DA:2039,0
DA:2043,7
DA:2044,0
DA:2045,0
DA:2046,7
DA:2047,7
DA:2049,0
DA:2053,11
DA:2054,11
DA:2063,7
DA:2064,7
DA:2065,0
DA:2068,7
DA:2069,3
DA:2070,3
DA:2071,3
DA:2073,7
DA:2074,7
DA:2075,7
DA:2077,7
DA:2079,7
DA:2080,7
DA:2081,7
DA:2083,2
DA:2084,2
DA:2086,1
DA:2087,1
DA:2088,1
DA:2091,2
DA:2094,5
DA:2095,5
DA:2096,5
DA:2097,10
DA:2098,10
DA:2101,5
DA:2102,0
DA:2104,5
DA:2105,5
DA:2106,10
DA:2107,10
DA:2110,7
DA:2113,0
DA:2114,0
DA:2115,0
DA:2116,0
DA:2119,0
DA:2124,7
DA:2126,7
DA:2127,7
DA:2129,3
DA:2130,3
DA:2132,3
DA:2134,3
DA:2137,2
DA:2140,7
DA:2141,0
DA:2142,7
DA:2143,7
DA:2144,7
DA:2153,1
DA:2154,0
DA:2155,0
DA:2156,0
DA:2157,0
DA:2158,0
DA:2159,0
DA:2160,0
DA:2161,0
DA:2170,1
DA:2171,0
DA:2172,0
DA:2173,0
DA:2174,0
DA:2175,0
DA:2176,0
DA:2178,0
DA:2181,0
DA:2182,0
DA:2183,0
DA:2184,0
DA:2186,0
DA:2188,0
DA:2190,0
DA:2192,0
DA:2194,0
DA:2195,0
DA:2200,0
DA:2203,0
DA:2207,1
DA:2219,0
DA:2220,0
DA:2221,0
DA:2222,0
DA:2244,0
DA:2245,0
DA:2246,0
DA:2247,0
DA:2248,0
DA:2249,0
DA:2250,0
DA:2251,0
DA:2252,0
DA:2253,0
DA:2254,0
DA:2256,0
DA:2257,0
DA:2258,0
DA:2263,0
DA:2264,0
DA:2265,0
DA:2266,0
DA:2267,0
DA:2268,0
DA:2269,0
DA:2270,0
DA:2271,0
DA:2272,0
DA:2273,0
DA:2275,0
DA:2276,0
DA:2277,0
DA:2284,0
DA:2285,0
DA:2286,0
DA:2287,0
DA:2289,0
DA:2290,0
DA:2292,0
DA:2294,0
DA:2295,0
DA:2296,0
DA:2297,0
DA:2298,0
DA:2299,0
DA:2300,0
DA:2303,0
DA:2312,0
DA:2313,0
DA:2314,0
DA:2316,0
DA:2317,0
DA:2319,0
DA:2321,0
DA:2322,0
DA:2323,0
DA:2324,0
DA:2325,0
DA:2326,0
DA:2327,0
DA:2328,0
DA:2330,0
DA:2333,0
DA:2338,0
DA:2339,0
DA:2343,0
DA:2344,0
DA:2345,0
DA:2346,0
DA:2347,0
DA:2351,0
DA:2356,0
DA:2357,0
DA:2358,0
DA:2359,0
DA:2360,0
DA:2364,0
DA:2368,0
DA:2369,0
DA:2370,0
DA:2371,0
DA:2372,0
DA:2374,0
DA:2378,0
DA:2379,0
DA:2380,0
DA:2383,0
DA:2384,0
DA:2388,0
DA:2389,0
DA:2391,0
DA:2396,0
DA:2397,0
DA:2400,0
DA:2401,0
DA:2402,0
DA:2403,0
DA:2404,0
DA:2408,0
DA:2413,0
DA:2414,0
DA:2416,0
DA:2421,0
DA:2422,0
DA:2424,0
DA:2429,0
DA:2430,0
DA:2431,0
DA:2432,0
DA:2433,0
DA:2434,0
DA:2435,0
DA:2436,0
DA:2437,0
DA:2440,0
DA:2441,0
DA:2442,0
DA:2444,0
DA:2449,0
DA:2450,0
DA:2451,0
DA:2452,0
DA:2453,0
DA:2454,0
DA:2455,0
DA:2456,0
DA:2457,0
DA:2460,0
DA:2461,0
DA:2462,0
DA:2464,0
DA:2469,0
DA:2470,0
DA:2471,0
DA:2472,0
DA:2473,0
DA:2476,0
DA:2481,0
DA:2482,0
DA:2483,0
DA:2484,0
DA:2485,0
DA:2488,0
DA:2493,0
DA:2494,0
DA:2495,0
DA:2496,0
DA:2499,0
DA:2500,0
DA:2502,0
DA:2504,0
DA:2506,0
DA:2507,0
DA:2513,0
DA:2514,0
DA:2515,0
DA:2516,0
DA:2518,0
DA:2519,0
DA:2521,0
DA:2523,0
DA:2525,0
DA:2526,0
DA:2531,19
DA:2532,19
DA:2533,19
DA:2539,0
DA:2540,0
DA:2541,0
DA:2542,0
DA:2543,0
DA:2550,1
DA:2556,1
DA:2588,0
DA:2589,0
DA:2591,0
DA:2592,0
DA:2593,0
DA:2595,0
DA:2596,0
DA:2597,0
DA:2599,0
DA:2600,0
DA:2601,0
DA:2603,0
DA:2604,0
DA:2605,0
DA:2607,0
DA:2609,0
DA:2610,0
DA:2612,0
DA:2616,0
DA:2617,0
DA:2618,0
DA:2619,0
DA:2621,0
DA:2624,0
DA:2625,0
DA:2626,0
DA:2627,0
DA:2628,0
DA:2633,0
DA:2634,0
DA:2635,0
DA:2636,0
DA:2641,0
DA:2642,0
DA:2643,0
DA:2644,0
DA:2645,0
DA:2652,0
DA:2653,0
DA:2660,0
DA:2661,0
DA:2663,0
DA:2664,0
DA:2673,0
DA:2674,0
DA:2678,0
DA:2679,0
DA:2680,0
DA:2681,0
DA:2682,0
DA:2683,0
DA:2684,0
DA:2689,0
DA:2690,0
DA:2692,0
DA:2693,0
DA:2702,0
DA:2703,0
DA:2711,0
DA:2716,0
DA:2718,0
DA:2719,0
DA:2726,0
DA:2730,0
DA:2734,0
DA:2735,0
DA:2739,0
DA:2740,0
DA:2741,0
DA:2746,0
DA:2747,0
DA:2748,0
DA:2753,0
DA:2754,0
DA:2755,0
DA:2756,0
DA:2761,0
DA:2762,0
DA:2763,0
DA:2764,0
DA:2769,0
DA:2770,0
DA:2771,0
DA:2776,0
DA:2783,1
DA:2794,0
DA:2795,0
DA:2796,0
DA:2799,0
DA:2801,0
DA:2802,0
DA:2803,0
DA:2804,0
DA:2805,0
DA:2806,0
DA:2807,0
DA:2808,0
DA:2811,0
DA:2813,1
DA:2817,0
DA:2818,0
DA:2819,0
DA:2822,0
DA:2824,0
DA:2825,0
DA:2828,0
DA:2829,0
DA:2830,0
DA:2833,0
DA:2835,0
DA:2836,0
DA:2837,0
DA:2838,0
DA:2839,0
DA:2840,0
DA:2841,0
DA:2843,0
DA:2844,0
DA:2845,0
DA:2846,0
DA:2847,0
DA:2848,0
DA:2849,0
DA:2852,0
DA:2857,1
DA:2858,1
DA:2859,0
DA:2861,0
DA:2864,0
DA:2865,0
DA:2866,0
DA:2867,0
DA:2868,0
DA:2869,0
DA:2870,0
DA:2871,0
DA:2872,0
DA:2873,0
DA:2882,0
DA:2883,0
DA:2884,0
DA:2887,0
DA:2889,0
DA:2891,0
DA:2892,0
DA:2893,0
DA:2894,0
DA:2896,0
DA:2897,0
DA:2898,0
DA:2911,0
DA:2912,0
DA:2913,0
DA:2915,0
DA:2916,0
DA:2917,0
DA:2918,0
DA:2920,0
DA:2922,0
DA:2923,0
DA:2926,0
DA:2927,0
DA:2928,0
DA:2929,0
DA:2930,0
DA:2932,0
DA:2934,0
DA:2935,0
DA:2936,0
DA:2938,0
DA:2940,0
DA:2942,0
DA:2943,0
DA:2945,0
DA:2946,0
DA:2948,0
DA:2952,0
DA:2955,0
DA:2957,0
DA:2959,0
DA:2960,0
DA:2962,0
DA:2963,0
DA:2967,0
DA:2969,0
DA:2971,0
DA:2973,0
DA:2974,0
DA:2976,0
DA:2978,0
DA:2979,0
DA:2981,0
DA:2982,0
DA:2986,0
DA:2988,0
DA:2992,0
DA:2993,0
DA:2996,0
DA:2997,0
DA:2998,0
DA:2999,0
DA:3000,0
DA:3002,0
DA:3004,0
DA:3005,0
DA:3006,0
DA:3008,0
DA:3010,0
DA:3012,0
DA:3013,0
DA:3015,0
DA:3016,0
DA:3018,0
DA:3022,0
DA:3025,0
DA:3030,0
DA:3031,0
DA:3034,0
DA:3036,0
DA:3038,0
DA:3043,0
DA:3046,0
DA:3047,0
DA:3048,0
DA:3052,0
DA:3067,0
DA:3068,0
DA:3069,0
DA:3070,0
DA:3076,0
DA:3078,0
DA:3088,0
DA:3094,0
DA:3097,0
DA:3105,0
DA:3106,0
DA:3107,0
DA:3108,0
DA:3110,0
DA:3111,0
DA:3112,0
DA:3115,0
DA:3117,0
DA:3118,0
DA:3119,0
DA:3123,0
DA:3124,0
DA:3126,0
DA:3127,0
DA:3128,0
DA:3131,0
DA:3133,0
DA:3134,0
DA:3135,0
DA:3139,0
DA:3141,0
DA:3143,0
DA:3144,0
DA:3146,0
DA:3147,0
DA:3148,0
DA:3155,0
DA:3162,0
DA:3163,0
DA:3164,0
DA:3165,0
DA:3171,0
DA:3174,0
DA:3175,0
DA:3178,0
DA:3179,0
DA:3180,0
DA:3181,0
DA:3183,0
DA:3185,0
DA:3186,0
DA:3187,0
DA:3188,0
DA:3191,0
DA:3195,0
DA:3197,0
DA:3198,0
DA:3201,0
DA:3202,0
DA:3203,0
DA:3204,0
DA:3205,0
DA:3206,0
DA:3207,0
DA:3208,0
DA:3209,0
DA:3210,0
DA:3211,0
DA:3213,0
DA:3214,0
DA:3215,0
DA:3217,0
DA:3219,0
DA:3223,0
DA:3228,0
DA:3236,0
DA:3237,0
DA:3238,0
DA:3239,0
DA:3240,0
DA:3241,0
DA:3242,0
DA:3243,0
DA:3245,0
DA:3246,0
DA:3247,0
DA:3248,0
DA:3249,0
DA:3250,0
DA:3252,0
DA:3255,0
DA:3256,0
DA:3257,0
DA:3258,0
DA:3259,0
DA:3260,0
DA:3261,0
DA:3262,0
DA:3263,0
DA:3264,0
DA:3265,0
DA:3266,0
DA:3267,0
DA:3268,0
DA:3269,0
DA:3276,0
DA:3277,0
DA:3278,0
DA:3279,0
DA:3280,0
DA:3281,0
DA:3282,0
DA:3283,0
DA:3285,0
DA:3286,0
DA:3287,0
DA:3289,0
DA:3290,0
DA:3292,0
DA:3294,0
DA:3295,0
DA:3296,0
DA:3297,0
DA:3298,0
DA:3302,0
DA:3305,0
DA:3306,0
DA:3307,0
DA:3308,0
DA:3309,0
DA:3310,0
DA:3311,0
DA:3312,0
DA:3315,0
DA:3320,0
DA:3321,0
DA:3322,0
DA:3323,0
DA:3324,0
DA:3325,0
DA:3326,0
DA:3327,0
DA:3328,0
DA:3330,0
DA:3331,0
DA:3332,0
DA:3334,0
DA:3335,0
DA:3339,0
DA:3340,0
DA:3344,0
DA:3346,0
DA:3347,0
DA:3349,0
DA:3350,0
DA:3353,0
DA:3354,0
DA:3357,0
DA:3358,0
DA:3359,0
DA:3360,0
DA:3361,0
DA:3370,0
DA:3383,0
DA:3384,0
DA:3386,0
DA:3388,0
DA:3390,0
DA:3396,0
DA:3402,0
DA:3403,0
DA:3404,0
DA:3405,0
DA:3406,0
DA:3410,0
LF:1600
LH:194
BRDA:2,0,0,0
BRDA:2,0,1,0
BRDA:12,1,0,0
BRDA:12,1,1,1
BRDA:14,2,0,0
BRDA:14,2,1,1
BRDA:25,3,0,0
BRDA:25,3,1,0
BRDA:30,4,0,0
BRDA:30,4,1,0
BRDA:32,5,0,0
BRDA:32,5,1,0
BRDA:34,6,0,0
BRDA:34,6,1,0
BRDA:45,7,0,0
BRDA:45,7,1,0
BRDA:47,8,0,0
BRDA:47,8,1,0
BRDA:47,9,0,0
BRDA:47,9,1,0
BRDA:56,10,0,0
BRDA:56,10,1,3
BRDA:60,11,0,3
BRDA:60,11,1,0
BRDA:62,12,0,3
BRDA:62,12,1,0
BRDA:66,13,0,0
BRDA:66,13,1,3
BRDA:82,14,0,3
BRDA:82,14,1,1
BRDA:84,15,0,2
BRDA:84,15,1,1
BRDA:91,16,0,0
BRDA:91,16,1,0
BRDA:97,17,0,1
BRDA:97,17,1,6
BRDA:99,18,0,1
BRDA:99,18,1,0
BRDA:110,19,0,0
BRDA:110,19,1,0
BRDA:111,20,0,0
BRDA:111,20,1,0
BRDA:111,21,0,0
BRDA:111,21,1,0
BRDA:120,22,0,0
BRDA:120,22,1,0
BRDA:128,23,0,0
BRDA:128,23,1,0
BRDA:128,23,2,0
BRDA:133,24,0,0
BRDA:133,24,1,0
BRDA:141,25,0,0
BRDA:141,25,1,0
BRDA:143,26,0,0
BRDA:143,26,1,0
BRDA:145,27,0,0
BRDA:145,27,1,0
BRDA:145,27,2,0
BRDA:148,28,0,0
BRDA:148,28,1,0
BRDA:151,29,0,0
BRDA:151,29,1,0
BRDA:158,30,0,0
BRDA:158,30,1,0
BRDA:160,31,0,0
BRDA:160,31,1,0
BRDA:220,32,0,0
BRDA:220,32,1,0
BRDA:220,33,0,0
BRDA:220,33,1,0
BRDA:229,34,0,0
BRDA:229,34,1,0
BRDA:231,35,0,0
BRDA:231,35,1,0
BRDA:234,36,0,0
BRDA:234,36,1,0
BRDA:239,37,0,0
BRDA:239,37,1,0
BRDA:239,38,0,0
BRDA:239,38,1,0
BRDA:241,39,0,0
BRDA:241,39,1,0
BRDA:252,40,0,0
BRDA:252,40,1,0
BRDA:252,41,0,0
BRDA:252,41,1,0
BRDA:259,42,0,0
BRDA:259,42,1,0
BRDA:260,43,0,0
BRDA:260,43,1,0
BRDA:284,44,0,0
BRDA:284,44,1,0
BRDA:287,45,0,0
BRDA:287,45,1,0
BRDA:294,46,0,0
BRDA:294,46,1,0
BRDA:301,47,0,0
BRDA:301,47,1,0
BRDA:303,48,0,0
BRDA:303,48,1,0
BRDA:303,49,0,0
BRDA:303,49,1,0
BRDA:305,50,0,0
BRDA:305,50,1,0
BRDA:306,51,0,0
BRDA:306,51,1,0
BRDA:311,52,0,0
BRDA:311,52,1,0
BRDA:314,53,0,0
BRDA:314,53,1,0
BRDA:320,54,0,0
BRDA:320,54,1,0
BRDA:329,55,0,0
BRDA:329,55,1,0
BRDA:332,56,0,0
BRDA:332,56,1,0
BRDA:335,57,0,0
BRDA:335,57,1,0
BRDA:341,58,0,0
BRDA:341,58,1,0
BRDA:361,59,0,0
BRDA:361,59,1,0
BRDA:383,60,0,0
BRDA:383,60,1,0
BRDA:393,61,0,0
BRDA:393,61,1,0
BRDA:395,62,0,0
BRDA:395,62,1,0
BRDA:403,63,0,0
BRDA:403,63,1,0
BRDA:428,64,0,0
BRDA:428,64,1,0
BRDA:430,65,0,0
BRDA:430,65,1,0
BRDA:432,66,0,0
BRDA:432,66,1,0
BRDA:451,67,0,0
BRDA:451,67,1,0
BRDA:453,68,0,0
BRDA:453,68,1,0
BRDA:455,69,0,0
BRDA:455,69,1,0
BRDA:465,70,0,0
BRDA:465,70,1,0
BRDA:465,71,0,0
BRDA:465,71,1,0
BRDA:493,72,0,0
BRDA:493,72,1,0
BRDA:499,73,0,0
BRDA:499,73,1,0
BRDA:499,74,0,0
BRDA:499,74,1,0
BRDA:514,75,0,0
BRDA:514,75,1,0
BRDA:529,76,0,0
BRDA:529,76,1,0
BRDA:546,77,0,0
BRDA:546,77,1,0
BRDA:551,78,0,0
BRDA:551,78,1,0
BRDA:556,79,0,0
BRDA:556,79,1,0
BRDA:607,80,0,0
BRDA:607,80,1,0
BRDA:620,81,0,0
BRDA:620,81,1,0
BRDA:620,82,0,0
BRDA:620,82,1,0
BRDA:620,82,2,0
BRDA:641,83,0,0
BRDA:641,83,1,0
BRDA:648,84,0,0
BRDA:648,84,1,0
BRDA:648,85,0,0
BRDA:648,85,1,0
BRDA:650,86,0,0
BRDA:650,86,1,0
BRDA:659,87,0,0
BRDA:659,87,1,0
BRDA:668,88,0,0
BRDA:668,88,1,0
BRDA:670,89,0,0
BRDA:670,89,1,0
BRDA:703,90,0,0
BRDA:703,90,1,11
BRDA:707,91,0,0
BRDA:707,91,1,11
BRDA:716,92,0,0
BRDA:716,92,1,0
BRDA:719,93,0,11
BRDA:719,93,1,0
BRDA:739,94,0,1
BRDA:739,94,1,0
BRDA:742,95,0,0
BRDA:742,95,1,1
BRDA:773,96,0,0
BRDA:773,96,1,1
BRDA:776,97,0,0
BRDA:776,97,1,0
BRDA:805,98,0,1
BRDA:805,98,1,0
BRDA:808,99,0,0
BRDA:808,99,1,1
BRDA:828,100,0,1
BRDA:828,100,1,0
BRDA:833,101,0,1
BRDA:833,101,1,0
BRDA:845,102,0,1
BRDA:845,102,1,0
BRDA:857,103,0,1
BRDA:857,103,1,0
BRDA:870,104,0,1
BRDA:870,104,1,0
BRDA:876,105,0,1
BRDA:876,105,1,0
BRDA:889,106,0,1
BRDA:889,106,1,0
BRDA:895,107,0,1
BRDA:895,107,1,0
BRDA:901,108,0,1
BRDA:901,108,1,0
BRDA:912,109,0,1
BRDA:912,109,1,0
BRDA:923,110,0,1
BRDA:923,110,1,0
BRDA:938,111,0,1
BRDA:938,111,1,0
BRDA:949,112,0,0
BRDA:949,112,1,0
BRDA:982,113,0,0
BRDA:982,113,1,0
BRDA:987,114,0,0
BRDA:987,114,1,0
BRDA:987,115,0,0
BRDA:987,115,1,0
BRDA:996,116,0,0
BRDA:996,116,1,1
BRDA:998,117,0,0
BRDA:998,117,1,1
BRDA:1004,118,0,0
BRDA:1004,118,1,1
BRDA:1006,119,0,0
BRDA:1006,119,1,0
BRDA:1011,120,0,0
BRDA:1011,120,1,0
BRDA:1011,121,0,0
BRDA:1011,121,1,0
BRDA:1016,122,0,0
BRDA:1016,122,1,0
BRDA:1030,123,0,1
BRDA:1030,123,1,0
BRDA:1032,124,0,0
BRDA:1032,124,1,1
BRDA:1041,125,0,0
BRDA:1041,125,1,0
BRDA:1044,126,0,0
BRDA:1044,126,1,0
BRDA:1046,127,0,0
BRDA:1046,127,1,0
BRDA:1048,128,0,0
BRDA:1048,128,1,0
BRDA:1052,129,0,0
BRDA:1052,129,1,0
BRDA:1054,130,0,0
BRDA:1054,130,1,0
BRDA:1054,131,0,0
BRDA:1054,131,1,0
BRDA:1057,132,0,0
BRDA:1057,132,1,0
BRDA:1057,133,0,0
BRDA:1057,133,1,0
BRDA:1067,134,0,0
BRDA:1067,134,1,0
BRDA:1074,135,0,0
BRDA:1074,135,1,0
BRDA:1085,136,0,0
BRDA:1085,136,1,0
BRDA:1090,137,0,0
BRDA:1090,137,1,0
BRDA:1093,138,0,0
BRDA:1093,138,1,0
BRDA:1096,139,0,0
BRDA:1096,139,1,0
BRDA:1102,140,0,0
BRDA:1102,140,1,0
BRDA:1106,141,0,0
BRDA:1106,141,1,0
BRDA:1106,142,0,0
BRDA:1106,142,1,0
BRDA:1106,142,2,0
BRDA:1106,142,3,0
BRDA:1116,143,0,0
BRDA:1116,143,1,0
BRDA:1127,144,0,0
BRDA:1127,144,1,0
BRDA:1127,145,0,0
BRDA:1127,145,1,0
BRDA:1129,146,0,0
BRDA:1129,146,1,0
BRDA:1130,147,0,0
BRDA:1130,147,1,0
BRDA:1135,148,0,0
BRDA:1135,148,1,0
BRDA:1137,149,0,0
BRDA:1137,149,1,0
BRDA:1144,150,0,0
BRDA:1144,150,1,0
BRDA:1150,151,0,0
BRDA:1150,151,1,0
BRDA:1155,152,0,0
BRDA:1155,152,1,0
BRDA:1155,153,0,0
BRDA:1155,153,1,0
BRDA:1174,154,0,0
BRDA:1174,154,1,0
BRDA:1177,155,0,0
BRDA:1177,155,1,0
BRDA:1179,156,0,0
BRDA:1179,156,1,0
BRDA:1183,157,0,0
BRDA:1183,157,1,0
BRDA:1183,158,0,0
BRDA:1183,158,1,0
BRDA:1189,159,0,0
BRDA:1189,159,1,0
BRDA:1189,160,0,0
BRDA:1189,160,1,0
BRDA:1191,161,0,0
BRDA:1191,161,1,0
BRDA:1194,162,0,0
BRDA:1194,162,1,0
BRDA:1194,163,0,0
BRDA:1194,163,1,0
BRDA:1201,164,0,0
BRDA:1201,164,1,0
BRDA:1201,165,0,0
BRDA:1201,165,1,0
BRDA:1217,166,0,0
BRDA:1217,166,1,0
BRDA:1226,167,0,0
BRDA:1226,167,1,0
BRDA:1235,168,0,0
BRDA:1235,168,1,0
BRDA:1235,169,0,0
BRDA:1235,169,1,0
BRDA:1237,170,0,0
BRDA:1237,170,1,0
BRDA:1238,171,0,0
BRDA:1238,171,1,0
BRDA:1246,172,0,0
BRDA:1246,172,1,0
BRDA:1247,173,0,0
BRDA:1247,173,1,0
BRDA:1249,174,0,0
BRDA:1249,174,1,0
BRDA:1268,175,0,0
BRDA:1268,175,1,0
BRDA:1279,176,0,0
BRDA:1279,176,1,0
BRDA:1281,177,0,0
BRDA:1281,177,1,0
BRDA:1281,178,0,0
BRDA:1281,178,1,0
BRDA:1284,179,0,0
BRDA:1284,179,1,0
BRDA:1286,180,0,0
BRDA:1286,180,1,0
BRDA:1286,181,0,0
BRDA:1286,181,1,0
BRDA:1287,182,0,0
BRDA:1287,182,1,0
BRDA:1287,183,0,0
BRDA:1287,183,1,0
BRDA:1289,184,0,0
BRDA:1289,184,1,0
BRDA:1289,185,0,0
BRDA:1289,185,1,0
BRDA:1293,186,0,0
BRDA:1293,186,1,0
BRDA:1294,187,0,0
BRDA:1294,187,1,0
BRDA:1304,188,0,0
BRDA:1304,188,1,0
BRDA:1313,189,0,0
BRDA:1313,189,1,0
BRDA:1321,190,0,0
BRDA:1321,190,1,0
BRDA:1327,191,0,0
BRDA:1327,191,1,0
BRDA:1329,192,0,0
BRDA:1329,192,1,0
BRDA:1332,193,0,0
BRDA:1332,193,1,0
BRDA:1337,194,0,0
BRDA:1337,194,1,0
BRDA:1343,195,0,0
BRDA:1343,195,1,0
BRDA:1351,196,0,0
BRDA:1351,196,1,0
BRDA:1377,197,0,0
BRDA:1377,197,1,0
BRDA:1385,198,0,0
BRDA:1385,198,1,0
BRDA:1385,199,0,0
BRDA:1385,199,1,0
BRDA:1385,199,2,0
BRDA:1389,200,0,0
BRDA:1389,200,1,0
BRDA:1392,201,0,0
BRDA:1392,201,1,0
BRDA:1392,202,0,0
BRDA:1392,202,1,0
BRDA:1401,203,0,0
BRDA:1401,203,1,0
BRDA:1403,204,0,0
BRDA:1403,204,1,0
BRDA:1404,205,0,0
BRDA:1404,205,1,0
BRDA:1405,206,0,0
BRDA:1405,206,1,0
BRDA:1407,207,0,0
BRDA:1407,207,1,0
BRDA:1412,208,0,0
BRDA:1412,208,1,0
BRDA:1417,209,0,0
BRDA:1417,209,1,0
BRDA:1426,210,0,0
BRDA:1426,210,1,0
BRDA:1431,211,0,0
BRDA:1431,211,1,0
BRDA:1431,212,0,0
BRDA:1431,212,1,0
BRDA:1449,213,0,0
BRDA:1449,213,1,0
BRDA:1449,214,0,0
BRDA:1449,214,1,0
BRDA:1449,214,2,0
BRDA:1452,215,0,0
BRDA:1452,215,1,0
BRDA:1458,216,0,0
BRDA:1458,216,1,0
BRDA:1460,217,0,0
BRDA:1460,217,1,0
BRDA:1464,218,0,0
BRDA:1464,218,1,0
BRDA:1486,219,0,0
BRDA:1486,219,1,0
BRDA:1486,220,0,0
BRDA:1486,220,1,0
BRDA:1497,221,0,0
BRDA:1497,221,1,0
BRDA:1519,222,0,33
BRDA:1519,222,1,11
BRDA:1521,223,0,11
BRDA:1521,223,1,22
BRDA:1539,224,0,0
BRDA:1539,224,1,0
BRDA:1540,225,0,0
BRDA:1540,225,1,0
BRDA:1550,226,0,0
BRDA:1550,226,1,0
BRDA:1556,227,0,0
BRDA:1556,227,1,0
BRDA:1558,228,0,0
BRDA:1558,228,1,0
BRDA:1561,229,0,0
BRDA:1561,229,1,0
BRDA:1563,230,0,0
BRDA:1563,230,1,0
BRDA:1563,231,0,0
BRDA:1563,231,1,0
BRDA:1564,232,0,0
BRDA:1564,232,1,0
BRDA:1579,233,0,0
BRDA:1579,233,1,0
BRDA:1596,234,0,6
BRDA:1596,234,1,1
BRDA:1600,235,0,0
BRDA:1600,235,1,7
BRDA:1602,236,0,0
BRDA:1602,236,1,7
BRDA:1617,237,0,0
BRDA:1617,237,1,0
BRDA:1619,238,0,0
BRDA:1619,238,1,0
BRDA:1859,239,0,0
BRDA:1859,239,1,0
BRDA:1861,240,0,0
BRDA:1861,240,1,0
BRDA:1863,241,0,0
BRDA:1863,241,1,0
BRDA:1863,242,0,0
BRDA:1863,242,1,0
BRDA:1868,243,0,0
BRDA:1868,243,1,0
BRDA:1868,244,0,0
BRDA:1868,244,1,0
BRDA:1879,245,0,0
BRDA:1879,245,1,0
BRDA:1882,246,0,0
BRDA:1882,246,1,0
BRDA:1885,247,0,0
BRDA:1885,247,1,0
BRDA:1887,248,0,0
BRDA:1887,248,1,0
BRDA:1887,249,0,0
BRDA:1887,249,1,0
BRDA:1890,250,0,0
BRDA:1890,250,1,0
BRDA:1893,251,0,0
BRDA:1893,251,1,0
BRDA:1896,252,0,0
BRDA:1896,252,1,0
BRDA:1916,253,0,0
BRDA:1916,253,1,0
BRDA:1916,254,0,0
BRDA:1916,254,1,0
BRDA:1916,254,2,0
BRDA:1916,254,3,0
BRDA:1923,255,0,0
BRDA:1923,255,1,0
BRDA:1923,256,0,0
BRDA:1923,256,1,0
BRDA:1923,256,2,0
BRDA:1927,257,0,0
BRDA:1927,257,1,0
BRDA:1936,258,0,0
BRDA:1936,258,1,0
BRDA:1936,259,0,0
BRDA:1936,259,1,0
BRDA:1938,260,0,0
BRDA:1938,260,1,0
BRDA:1940,261,0,0
BRDA:1940,261,1,0
BRDA:1948,262,0,0
BRDA:1948,262,1,0
BRDA:1972,263,0,0
BRDA:1972,263,1,0
BRDA:1978,264,0,0
BRDA:1978,264,1,0
BRDA:1984,265,0,0
BRDA:1984,265,1,0
BRDA:1997,266,0,0
BRDA:1997,266,1,0
BRDA:2010,267,0,0
BRDA:2010,267,1,0
BRDA:2020,268,0,0
BRDA:2020,268,1,0
BRDA:2022,269,0,0
BRDA:2022,269,1,0
BRDA:2026,270,0,0
BRDA:2026,270,1,0
BRDA:2027,271,0,0
BRDA:2027,271,1,0
BRDA:2043,272,0,0
BRDA:2043,272,1,7
BRDA:2046,273,0,7
BRDA:2046,273,1,0
BRDA:2064,274,0,0
BRDA:2064,274,1,7
BRDA:2068,275,0,3
BRDA:2068,275,1,4
BRDA:2068,276,0,7
BRDA:2068,276,1,3
BRDA:2070,277,0,3
BRDA:2070,277,1,0
BRDA:2081,278,0,2
BRDA:2081,278,1,5
BRDA:2084,279,0,1
BRDA:2084,279,1,1
BRDA:2097,280,0,10
BRDA:2097,280,1,0
BRDA:2101,281,0,0
BRDA:2101,281,1,5
BRDA:2127,282,0,3
BRDA:2127,282,1,4
BRDA:2130,283,0,3
BRDA:2130,283,1,0
BRDA:2130,284,0,3
BRDA:2130,284,1,3
BRDA:2134,285,0,2
BRDA:2134,285,1,1
BRDA:2140,286,0,0
BRDA:2140,286,1,7
BRDA:2140,287,0,7
BRDA:2140,287,1,5
BRDA:2155,288,0,0
BRDA:2155,288,1,0
BRDA:2157,289,0,0
BRDA:2157,289,1,0
BRDA:2158,290,0,0
BRDA:2158,290,1,0
BRDA:2178,291,0,0
BRDA:2178,291,1,0
BRDA:2181,292,0,0
BRDA:2181,292,1,0
BRDA:2183,293,0,0
BRDA:2183,293,1,0
BRDA:2186,294,0,0
BRDA:2186,294,1,0
BRDA:2190,295,0,0
BRDA:2190,295,1,0
BRDA:2194,296,0,0
BRDA:2194,296,1,0
BRDA:2220,297,0,0
BRDA:2220,297,1,0
BRDA:2244,298,0,0
BRDA:2244,298,1,0
BRDA:2247,299,0,0
BRDA:2247,299,1,0
BRDA:2250,300,0,0
BRDA:2250,300,1,0
BRDA:2250,301,0,0
BRDA:2250,301,1,0
BRDA:2250,301,2,0
BRDA:2253,302,0,0
BRDA:2253,302,1,0
BRDA:2263,303,0,0
BRDA:2263,303,1,0
BRDA:2266,304,0,0
BRDA:2266,304,1,0
BRDA:2269,305,0,0
BRDA:2269,305,1,0
BRDA:2269,306,0,0
BRDA:2269,306,1,0
BRDA:2269,306,2,0
BRDA:2272,307,0,0
BRDA:2272,307,1,0
BRDA:2295,308,0,0
BRDA:2295,308,1,0
BRDA:2295,309,0,0
BRDA:2295,309,1,0
BRDA:2295,309,2,0
BRDA:2322,310,0,0
BRDA:2322,310,1,0
BRDA:2322,311,0,0
BRDA:2322,311,1,0
BRDA:2322,311,2,0
BRDA:2327,312,0,0
BRDA:2327,312,1,0
BRDA:2345,313,0,0
BRDA:2345,313,1,0
BRDA:2358,314,0,0
BRDA:2358,314,1,0
BRDA:2371,315,0,0
BRDA:2371,315,1,0
BRDA:2378,316,0,0
BRDA:2378,316,1,0
BRDA:2379,317,0,0
BRDA:2379,317,1,0
BRDA:2396,318,0,0
BRDA:2396,318,1,0
BRDA:2396,319,0,0
BRDA:2396,319,1,0
BRDA:2402,320,0,0
BRDA:2402,320,1,0
BRDA:2413,321,0,0
BRDA:2413,321,1,0
BRDA:2413,322,0,0
BRDA:2413,322,1,0
BRDA:2421,323,0,0
BRDA:2421,323,1,0
BRDA:2421,324,0,0
BRDA:2421,324,1,0
BRDA:2434,325,0,0
BRDA:2434,325,1,0
BRDA:2436,326,0,0
BRDA:2436,326,1,0
BRDA:2440,327,0,0
BRDA:2440,327,1,0
BRDA:2454,328,0,0
BRDA:2454,328,1,0
BRDA:2456,329,0,0
BRDA:2456,329,1,0
BRDA:2460,330,0,0
BRDA:2460,330,1,0
BRDA:2471,331,0,0
BRDA:2471,331,1,0
BRDA:2483,332,0,0
BRDA:2483,332,1,0
BRDA:2493,333,0,0
BRDA:2493,333,1,0
BRDA:2495,334,0,0
BRDA:2495,334,1,0
BRDA:2500,335,0,0
BRDA:2500,335,1,0
BRDA:2500,336,0,0
BRDA:2500,336,1,0
BRDA:2506,337,0,0
BRDA:2506,337,1,0
BRDA:2513,338,0,0
BRDA:2513,338,1,0
BRDA:2515,339,0,0
BRDA:2515,339,1,0
BRDA:2519,340,0,0
BRDA:2519,340,1,0
BRDA:2519,341,0,0
BRDA:2519,341,1,0
BRDA:2525,342,0,0
BRDA:2525,342,1,0
BRDA:2541,343,0,0
BRDA:2541,343,1,0
BRDA:2541,344,0,0
BRDA:2541,344,1,0
BRDA:2542,345,0,0
BRDA:2542,345,1,0
BRDA:2592,346,0,0
BRDA:2592,346,1,0
BRDA:2596,347,0,0
BRDA:2596,347,1,0
BRDA:2599,348,0,0
BRDA:2599,348,1,0
BRDA:2600,349,0,0
BRDA:2600,349,1,0
BRDA:2604,350,0,0
BRDA:2604,350,1,0
BRDA:2607,351,0,0
BRDA:2607,351,1,0
BRDA:2609,352,0,0
BRDA:2609,352,1,0
BRDA:2616,353,0,0
BRDA:2616,353,1,0
BRDA:2618,354,0,0
BRDA:2618,354,1,0
BRDA:2627,355,0,0
BRDA:2627,355,1,0
BRDA:2634,356,0,0
BRDA:2634,356,1,0
BRDA:2634,357,0,0
BRDA:2634,357,1,0
BRDA:2641,358,0,0
BRDA:2641,358,1,0
BRDA:2643,359,0,0
BRDA:2643,359,1,0
BRDA:2652,360,0,0
BRDA:2652,360,1,0
BRDA:2652,361,0,0
BRDA:2652,361,1,0
BRDA:2660,362,0,0
BRDA:2660,362,1,0
BRDA:2673,363,0,0
BRDA:2673,363,1,0
BRDA:2673,364,0,0
BRDA:2673,364,1,0
BRDA:2678,365,0,0
BRDA:2678,365,1,0
BRDA:2680,366,0,0
BRDA:2680,366,1,0
BRDA:2683,367,0,0
BRDA:2683,367,1,0
BRDA:2683,368,0,0
BRDA:2683,368,1,0
BRDA:2689,369,0,0
BRDA:2689,369,1,0
BRDA:2702,370,0,0
BRDA:2702,370,1,0
BRDA:2702,371,0,0
BRDA:2702,371,1,0
BRDA:2718,372,0,0
BRDA:2718,372,1,0
BRDA:2718,373,0,0
BRDA:2718,373,1,0
BRDA:2734,374,0,0
BRDA:2734,374,1,0
BRDA:2739,375,0,0
BRDA:2739,375,1,0
BRDA:2746,376,0,0
BRDA:2746,376,1,0
BRDA:2753,377,0,0
BRDA:2753,377,1,0
BRDA:2761,378,0,0
BRDA:2761,378,1,0
BRDA:2769,379,0,0
BRDA:2769,379,1,0
BRDA:2795,380,0,0
BRDA:2795,380,1,0
BRDA:2804,381,0,0
BRDA:2804,381,1,0
BRDA:2805,382,0,0
BRDA:2805,382,1,0
BRDA:2807,383,0,0
BRDA:2807,383,1,0
BRDA:2818,384,0,0
BRDA:2818,384,1,0
BRDA:2829,385,0,0
BRDA:2829,385,1,0
BRDA:2845,386,0,0
BRDA:2845,386,1,0
BRDA:2846,387,0,0
BRDA:2846,387,1,0
BRDA:2848,388,0,0
BRDA:2848,388,1,0
BRDA:2872,389,0,0
BRDA:2872,389,1,0
BRDA:2883,390,0,0
BRDA:2883,390,1,0
BRDA:2883,391,0,0
BRDA:2883,391,1,0
BRDA:2912,392,0,0
BRDA:2912,392,1,0
BRDA:2912,393,0,0
BRDA:2912,393,1,0
BRDA:2920,394,0,0
BRDA:2920,394,1,0
BRDA:2930,395,0,0
BRDA:2930,395,1,0
BRDA:2936,396,0,0
BRDA:2936,396,1,0
BRDA:2940,397,0,0
BRDA:2940,397,1,0
BRDA:2940,398,0,0
BRDA:2940,398,1,0
BRDA:2943,399,0,0
BRDA:2943,399,1,0
BRDA:2943,400,0,0
BRDA:2943,400,1,0
BRDA:2945,401,0,0
BRDA:2945,401,1,0
BRDA:2945,402,0,0
BRDA:2945,402,1,0
BRDA:2957,403,0,0
BRDA:2957,403,1,0
BRDA:2957,404,0,0
BRDA:2957,404,1,0
BRDA:2960,405,0,0
BRDA:2960,405,1,0
BRDA:2960,406,0,0
BRDA:2960,406,1,0
BRDA:2962,407,0,0
BRDA:2962,407,1,0
BRDA:2962,408,0,0
BRDA:2962,408,1,0
BRDA:2971,409,0,0
BRDA:2971,409,1,0
BRDA:2971,410,0,0
BRDA:2971,410,1,0
BRDA:2976,411,0,0
BRDA:2976,411,1,0
BRDA:2976,412,0,0
BRDA:2976,412,1,0
BRDA:2979,413,0,0
BRDA:2979,413,1,0
BRDA:2979,414,0,0
BRDA:2979,414,1,0
BRDA:2981,415,0,0
BRDA:2981,415,1,0
BRDA:2981,416,0,0
BRDA:2981,416,1,0
BRDA:3000,417,0,0
BRDA:3000,417,1,0
BRDA:3006,418,0,0
BRDA:3006,418,1,0
BRDA:3010,419,0,0
BRDA:3010,419,1,0
BRDA:3010,420,0,0
BRDA:3010,420,1,0
BRDA:3013,421,0,0
BRDA:3013,421,1,0
BRDA:3013,422,0,0
BRDA:3013,422,1,0
BRDA:3015,423,0,0
BRDA:3015,423,1,0
BRDA:3015,424,0,0
BRDA:3015,424,1,0
BRDA:3031,425,0,0
BRDA:3031,425,1,0
BRDA:3031,426,0,0
BRDA:3031,426,1,0
BRDA:3031,426,2,0
BRDA:3031,426,3,0
BRDA:3048,427,0,0
BRDA:3048,427,1,0
BRDA:3069,428,0,0
BRDA:3069,428,1,0
BRDA:3076,429,0,0
BRDA:3076,429,1,0
BRDA:3107,430,0,0
BRDA:3107,430,1,0
BRDA:3108,431,0,0
BRDA:3108,431,1,0
BRDA:3110,432,0,0
BRDA:3110,432,1,0
BRDA:3115,433,0,0
BRDA:3115,433,1,0
BRDA:3117,434,0,0
BRDA:3117,434,1,0
BRDA:3123,435,0,0
BRDA:3123,435,1,0
BRDA:3124,436,0,0
BRDA:3124,436,1,0
BRDA:3126,437,0,0
BRDA:3126,437,1,0
BRDA:3131,438,0,0
BRDA:3131,438,1,0
BRDA:3133,439,0,0
BRDA:3133,439,1,0
BRDA:3139,440,0,0
BRDA:3139,440,1,0
BRDA:3141,441,0,0
BRDA:3141,441,1,0
BRDA:3143,442,0,0
BRDA:3143,442,1,0
BRDA:3163,443,0,0
BRDA:3163,443,1,0
BRDA:3175,444,0,0
BRDA:3175,444,1,0
BRDA:3179,445,0,0
BRDA:3179,445,1,0
BRDA:3183,446,0,0
BRDA:3183,446,1,0
BRDA:3186,447,0,0
BRDA:3186,447,1,0
BRDA:3198,448,0,0
BRDA:3198,448,1,0
BRDA:3211,449,0,0
BRDA:3211,449,1,0
BRDA:3215,450,0,0
BRDA:3215,450,1,0
BRDA:3217,451,0,0
BRDA:3217,451,1,0
BRDA:3242,452,0,0
BRDA:3242,452,1,0
BRDA:3242,453,0,0
BRDA:3242,453,1,0
BRDA:3245,454,0,0
BRDA:3245,454,1,0
BRDA:3248,455,0,0
BRDA:3248,455,1,0
BRDA:3261,456,0,0
BRDA:3261,456,1,0
BRDA:3281,457,0,0
BRDA:3281,457,1,0
BRDA:3286,458,0,0
BRDA:3286,458,1,0
BRDA:3286,459,0,0
BRDA:3286,459,1,0
BRDA:3289,460,0,0
BRDA:3289,460,1,0
BRDA:3295,461,0,0
BRDA:3295,461,1,0
BRDA:3297,462,0,0
BRDA:3297,462,1,0
BRDA:3308,463,0,0
BRDA:3308,463,1,0
BRDA:3310,464,0,0
BRDA:3310,464,1,0
BRDA:3323,465,0,0
BRDA:3323,465,1,0
BRDA:3323,466,0,0
BRDA:3323,466,1,0
BRDA:3331,467,0,0
BRDA:3331,467,1,0
BRDA:3340,468,0,0
BRDA:3340,468,1,0
BRDA:3346,469,0,0
BRDA:3346,469,1,0
BRDA:3360,470,0,0
BRDA:3360,470,1,0
BRDA:3360,471,0,0
BRDA:3360,471,1,0
BRDA:3360,471,2,0
BRDA:3360,471,3,0
BRDA:3383,472,0,0
BRDA:3383,472,1,0
BRDA:3403,473,0,0
BRDA:3403,473,1,0
BRF:966
BRH:70
end_of_record
